=== Started 2020-05-31T19-27-37-287 ===
[INFO ][19:27:37] Ogar - An open source Agar.io server implementation
[INFO ][19:27:37] 418 bad words loaded
[ERROR][19:27:37] /Users/ajzwi/Code/og3/src/enum/userRoles.json is missing.
[INFO ][19:27:37] Listening on port 80
[INFO ][19:27:37] Current game mode is Free For All
[INFO ][19:27:42] Connect: ::ffff:76.218.82.23  55028
[INFO ][19:27:44] a has joined the server!
[NONE ][19:27:45] you are pressing the shift key
[NONE ][19:27:45] you are pressing space
[NONE ][19:27:46] you are pressing space
[NONE ][19:27:46] you are pressing space
[NONE ][19:27:46] you are pressing space
[NONE ][19:27:46] you are pressing the shift key
[NONE ][19:27:46] you are pressing space
[NONE ][19:27:46] you are pressing space
[NONE ][19:27:47] you are pressing space
[NONE ][19:27:47] you are pressing space
[NONE ][19:27:47] you are pressing the shift key
[NONE ][19:27:47] you are pressing space
[NONE ][19:27:47] you are pressing space
[NONE ][19:27:47] you are pressing space
[NONE ][19:27:47] you are pressing space
[NONE ][19:27:48] you are pressing space
[NONE ][19:27:51] you are pressing the shift key
[NONE ][19:27:51] you are pressing space
[NONE ][19:27:51] you are pressing space
[NONE ][19:27:51] you are pressing space
[NONE ][19:27:54] you are pressing the shift key
[NONE ][19:27:54] you are pressing space
[NONE ][19:27:54] you are pressing space
[NONE ][19:27:55] you are pressing the shift key
[NONE ][19:27:55] you are pressing space
[NONE ][19:27:55] you are pressing space
[NONE ][19:27:55] you are pressing space
[NONE ][19:27:56] you are pressing the shift key
[NONE ][19:27:56] you are pressing space
[NONE ][19:27:56] you are pressing space
[NONE ][19:27:56] you are pressing space
[NONE ][19:27:56] you are pressing space
[NONE ][19:27:56] you are pressing space
[NONE ][19:27:56] you are pressing space
[NONE ][19:27:56] you are pressing space
[NONE ][19:27:56] you are pressing space
[NONE ][19:27:56] you are pressing space
[NONE ][19:27:56] you are pressing space
[NONE ][19:27:56] you are pressing space
[NONE ][19:27:57] you are pressing space
[NONE ][19:27:57] you are pressing space
[NONE ][19:27:57] you are pressing space
[NONE ][19:27:57] you are pressing space
[NONE ][19:27:57] you are pressing space
[NONE ][19:27:57] you are pressing space
[NONE ][19:27:57] you are pressing space
[NONE ][19:27:57] you are pressing space
[NONE ][19:27:57] you are pressing space
[NONE ][19:27:57] you are pressing space
[NONE ][19:27:58] you are pressing the shift key
[NONE ][19:27:58] you are pressing space
[NONE ][19:27:58] you are pressing space
[NONE ][19:28:00] you are pressing the shift key
[NONE ][19:28:00] you are pressing space
[NONE ][19:28:00] you are pressing space
[NONE ][19:28:00] you are pressing space
[NONE ][19:28:00] you are pressing the shift key
[NONE ][19:28:00] you are pressing space
[NONE ][19:28:00] you are pressing space
[NONE ][19:28:00] you are pressing space
[NONE ][19:28:00] you are pressing the shift key
[NONE ][19:28:00] you are pressing space
[NONE ][19:28:00] you are pressing space
[NONE ][19:28:00] you are pressing space
[NONE ][19:28:01] you are pressing the shift key
[NONE ][19:28:01] you are pressing space
[NONE ][19:28:01] you are pressing space
[NONE ][19:28:01] you are pressing space
[NONE ][19:28:01] you are pressing the shift key
[NONE ][19:28:01] you are pressing space
[NONE ][19:28:01] you are pressing space
[NONE ][19:28:01] you are pressing space
[NONE ][19:28:02] you are pressing the shift key
[NONE ][19:28:02] you are pressing space
[NONE ][19:28:02] you are pressing space
[NONE ][19:28:02] you are pressing space
