=== Started 2020-05-31T19-20-34-211 ===
[INFO ][19:20:34] Ogar - An open source Agar.io server implementation
[INFO ][19:20:34] 418 bad words loaded
[ERROR][19:20:34] /Users/ajzwi/Code/og3/src/enum/userRoles.json is missing.
[INFO ][19:20:34] Listening on port 80
[INFO ][19:20:34] Current game mode is Free For All
[INFO ][19:20:47] Connect: ::ffff:76.218.82.23  54961
[INFO ][19:20:49] aaa has joined the server!
[NONE ][19:20:50] you are pressing the shift key
[NONE ][19:20:50] you are pressing space
[NONE ][19:20:50] you are pressing space
[NONE ][19:20:50] you are pressing space
[NONE ][19:20:50] you are pressing space
[NONE ][19:20:54] you are pressing space
[NONE ][19:20:54] you are pressing space
[NONE ][19:20:54] you are pressing space
[NONE ][19:20:55] you are pressing space
[NONE ][19:20:56] you are pressing space
[NONE ][19:20:56] you are pressing space
[NONE ][19:20:56] you are pressing space
[NONE ][19:20:56] you are pressing space
[NONE ][19:20:57] you are pressing space
[NONE ][19:20:58] you are pressing space
[NONE ][19:20:59] you are pressing space
[NONE ][19:20:59] you are pressing space
[NONE ][19:20:59] you are pressing space
[NONE ][19:20:59] you are pressing space
[NONE ][19:20:59] you are pressing space
[NONE ][19:20:59] you are pressing space
[NONE ][19:20:59] you are pressing space
[NONE ][19:20:59] you are pressing space
[NONE ][19:20:59] you are pressing space
[NONE ][19:20:59] you are pressing space
[NONE ][19:20:59] you are pressing space
[NONE ][19:20:59] you are pressing space
[NONE ][19:20:59] you are pressing space
[NONE ][19:20:59] you are pressing space
[NONE ][19:20:59] you are pressing space
[NONE ][19:21:00] you are pressing space
[NONE ][19:21:00] you are pressing space
[NONE ][19:21:00] you are pressing space
[NONE ][19:21:00] you are pressing space
[NONE ][19:21:00] you are pressing space
[NONE ][19:21:00] you are pressing space
[NONE ][19:21:02] you are pressing space
[NONE ][19:21:02] you are pressing space
[NONE ][19:21:02] you are pressing space
[NONE ][19:21:02] you are pressing space
[NONE ][19:21:02] you are pressing space
[NONE ][19:21:02] you are pressing space
[NONE ][19:21:03] you are pressing space
[NONE ][19:21:03] you are pressing space
[NONE ][19:21:03] you are pressing space
[NONE ][19:21:03] you are pressing space
[NONE ][19:21:03] you are pressing space
[NONE ][19:21:03] you are pressing space
[NONE ][19:21:03] you are pressing space
[NONE ][19:21:03] you are pressing space
[NONE ][19:21:03] you are pressing space
[NONE ][19:21:03] you are pressing space
[INFO ][19:21:05] Disconnect: ::ffff:76.218.82.23  54961
