=== Started 2020-05-31T19-23-48-437 ===
[INFO ][19:23:48] Ogar - An open source Agar.io server implementation
[INFO ][19:23:48] 418 bad words loaded
[ERROR][19:23:48] /Users/ajzwi/Code/og3/src/enum/userRoles.json is missing.
[INFO ][19:23:48] Listening on port 80
[INFO ][19:23:48] Current game mode is Free For All
[INFO ][19:23:52] Connect: ::ffff:76.218.82.23  54991
[INFO ][19:23:54] a has joined the server!
[NONE ][19:23:55] you are pressing the shift key
[NONE ][19:23:55] you are pressing space
[NONE ][19:23:55] you are pressing space
[NONE ][19:23:55] you are pressing space
[NONE ][19:23:55] you are pressing space
[NONE ][19:23:56] you are pressing space
[NONE ][19:23:56] you are pressing space
[NONE ][19:23:56] you are pressing space
[NONE ][19:23:56] you are pressing space
[NONE ][19:23:56] you are pressing space
[NONE ][19:23:56] you are pressing space
[NONE ][19:23:56] you are pressing space
[NONE ][19:23:56] you are pressing space
[NONE ][19:23:56] you are pressing space
[NONE ][19:23:56] you are pressing space
[NONE ][19:23:56] you are pressing space
[NONE ][19:23:56] you are pressing space
[NONE ][19:23:56] you are pressing space
[NONE ][19:23:56] you are pressing space
[NONE ][19:23:57] you are pressing space
[NONE ][19:23:57] you are pressing space
[NONE ][19:23:57] you are pressing space
[INFO ][19:24:23] Disconnect: ::ffff:76.218.82.23  54991
